[2019-12-25 08:22:36,514] INFO [ControllerEventThread controllerId=0] Starting (kafka.controller.ControllerEventManager$ControllerEventThread)
[2019-12-25 08:22:36,562] INFO [Controller id=0] 0 successfully elected as the controller. Epoch incremented to 2 and epoch zk version is now 2 (kafka.controller.KafkaController)
[2019-12-25 08:22:36,563] INFO [Controller id=0] Registering handlers (kafka.controller.KafkaController)
[2019-12-25 08:22:36,569] INFO [Controller id=0] Deleting log dir event notifications (kafka.controller.KafkaController)
[2019-12-25 08:22:36,575] INFO [Controller id=0] Deleting isr change notifications (kafka.controller.KafkaController)
[2019-12-25 08:22:36,580] INFO [Controller id=0] Initializing controller context (kafka.controller.KafkaController)
[2019-12-25 08:22:36,610] INFO [Controller id=0] Initialized broker epochs cache: Map(0 -> 44) (kafka.controller.KafkaController)
[2019-12-25 08:22:36,617] DEBUG [Controller id=0] Register BrokerModifications handler for Set(0) (kafka.controller.KafkaController)
[2019-12-25 08:22:36,626] DEBUG [Channel manager on controller 0]: Controller 0 trying to connect to broker 0 (kafka.controller.ControllerChannelManager)
[2019-12-25 08:22:36,661] INFO [RequestSendThread controllerId=0] Starting (kafka.controller.RequestSendThread)
[2019-12-25 08:22:36,661] INFO [Controller id=0] Currently active brokers in the cluster: Set(0) (kafka.controller.KafkaController)
[2019-12-25 08:22:36,663] INFO [Controller id=0] Currently shutting brokers in the cluster: Set() (kafka.controller.KafkaController)
[2019-12-25 08:22:36,664] INFO [Controller id=0] Current list of topics in the cluster: Set() (kafka.controller.KafkaController)
[2019-12-25 08:22:36,664] INFO [Controller id=0] Fetching topic deletions in progress (kafka.controller.KafkaController)
[2019-12-25 08:22:36,670] INFO [Controller id=0] List of topics to be deleted:  (kafka.controller.KafkaController)
[2019-12-25 08:22:36,670] INFO [Controller id=0] List of topics ineligible for deletion:  (kafka.controller.KafkaController)
[2019-12-25 08:22:36,671] INFO [Controller id=0] Initializing topic deletion manager (kafka.controller.KafkaController)
[2019-12-25 08:22:36,671] INFO [Topic Deletion Manager 0] Initializing manager with initial deletions: Set(), initial ineligible deletions: Set() (kafka.controller.TopicDeletionManager)
[2019-12-25 08:22:36,672] INFO [Controller id=0] Sending update metadata request (kafka.controller.KafkaController)
[2019-12-25 08:22:36,693] INFO [ReplicaStateMachine controllerId=0] Initializing replica state (kafka.controller.ZkReplicaStateMachine)
[2019-12-25 08:22:36,694] INFO [ReplicaStateMachine controllerId=0] Triggering online replica state changes (kafka.controller.ZkReplicaStateMachine)
[2019-12-25 08:22:36,713] INFO [ReplicaStateMachine controllerId=0] Triggering offline replica state changes (kafka.controller.ZkReplicaStateMachine)
[2019-12-25 08:22:36,714] DEBUG [ReplicaStateMachine controllerId=0] Started replica state machine with initial state -> Map() (kafka.controller.ZkReplicaStateMachine)
[2019-12-25 08:22:36,714] INFO [PartitionStateMachine controllerId=0] Initializing partition state (kafka.controller.ZkPartitionStateMachine)
[2019-12-25 08:22:36,715] INFO [PartitionStateMachine controllerId=0] Triggering online partition state changes (kafka.controller.ZkPartitionStateMachine)
[2019-12-25 08:22:36,716] INFO [RequestSendThread controllerId=0] Controller 0 connected to DESKTOP-P0UKCRI:9092 (id: 0 rack: null) for sending state change requests (kafka.controller.RequestSendThread)
[2019-12-25 08:22:36,724] DEBUG [PartitionStateMachine controllerId=0] Started partition state machine with initial state -> Map() (kafka.controller.ZkPartitionStateMachine)
[2019-12-25 08:22:36,724] INFO [Controller id=0] Ready to serve as the new controller with epoch 2 (kafka.controller.KafkaController)
[2019-12-25 08:22:36,740] INFO [Controller id=0] Partitions undergoing preferred replica election:  (kafka.controller.KafkaController)
[2019-12-25 08:22:36,740] INFO [Controller id=0] Partitions that completed preferred replica election:  (kafka.controller.KafkaController)
[2019-12-25 08:22:36,741] INFO [Controller id=0] Skipping preferred replica election for partitions due to topic deletion:  (kafka.controller.KafkaController)
[2019-12-25 08:22:36,741] INFO [Controller id=0] Resuming preferred replica election for partitions:  (kafka.controller.KafkaController)
[2019-12-25 08:22:36,744] INFO [Controller id=0] Starting replica leader election (PREFERRED) for partitions  triggered by ZkTriggered (kafka.controller.KafkaController)
[2019-12-25 08:22:36,764] INFO [Controller id=0] Starting the controller scheduler (kafka.controller.KafkaController)
[2019-12-25 08:22:41,768] INFO [Controller id=0] Processing automatic preferred replica leader election (kafka.controller.KafkaController)
[2019-12-25 08:22:41,769] TRACE [Controller id=0] Checking need to trigger auto leader balancing (kafka.controller.KafkaController)
[2019-12-25 08:22:41,773] DEBUG [Controller id=0] Preferred replicas by broker Map() (kafka.controller.KafkaController)
[2019-12-25 08:25:51,034] INFO [Controller id=0] New topics: [Set(My-Test-Topic1)], deleted topics: [Set()], new partition replica assignment [Map(My-Test-Topic1-0 -> ReplicaAssignment(replicas=0, addingReplicas=, removingReplicas=))] (kafka.controller.KafkaController)
[2019-12-25 08:25:51,034] INFO [Controller id=0] New partition creation callback for My-Test-Topic1-0 (kafka.controller.KafkaController)
[2019-12-25 08:26:53,069] INFO [Controller id=0] New topics: [Set(My-Test-Topic)], deleted topics: [Set()], new partition replica assignment [Map(My-Test-Topic-0 -> ReplicaAssignment(replicas=0, addingReplicas=, removingReplicas=))] (kafka.controller.KafkaController)
[2019-12-25 08:26:53,070] INFO [Controller id=0] New partition creation callback for My-Test-Topic-0 (kafka.controller.KafkaController)
[2019-12-25 08:27:41,775] INFO [Controller id=0] Processing automatic preferred replica leader election (kafka.controller.KafkaController)
[2019-12-25 08:27:41,776] TRACE [Controller id=0] Checking need to trigger auto leader balancing (kafka.controller.KafkaController)
[2019-12-25 08:27:41,777] DEBUG [Controller id=0] Preferred replicas by broker Map(0 -> Map(My-Test-Topic-0 -> Vector(0), My-Test-Topic1-0 -> Vector(0))) (kafka.controller.KafkaController)
[2019-12-25 08:27:41,780] DEBUG [Controller id=0] Topics not in preferred replica for broker 0 Map() (kafka.controller.KafkaController)
[2019-12-25 08:27:41,781] TRACE [Controller id=0] Leader imbalance ratio for broker 0 is 0.0 (kafka.controller.KafkaController)
[2019-12-25 08:28:37,518] INFO [Controller id=0] New topics: [Set(__consumer_offsets)], deleted topics: [Set()], new partition replica assignment [Map(__consumer_offsets-22 -> ReplicaAssignment(replicas=0, addingReplicas=, removingReplicas=), __consumer_offsets-30 -> ReplicaAssignment(replicas=0, addingReplicas=, removingReplicas=), __consumer_offsets-8 -> ReplicaAssignment(replicas=0, addingReplicas=, removingReplicas=), __consumer_offsets-21 -> ReplicaAssignment(replicas=0, addingReplicas=, removingReplicas=), __consumer_offsets-4 -> ReplicaAssignment(replicas=0, addingReplicas=, removingReplicas=), __consumer_offsets-27 -> ReplicaAssignment(replicas=0, addingReplicas=, removingReplicas=), __consumer_offsets-7 -> ReplicaAssignment(replicas=0, addingReplicas=, removingReplicas=), __consumer_offsets-9 -> ReplicaAssignment(replicas=0, addingReplicas=, removingReplicas=), __consumer_offsets-46 -> ReplicaAssignment(replicas=0, addingReplicas=, removingReplicas=), __consumer_offsets-25 -> ReplicaAssignment(replicas=0, addingReplicas=, removingReplicas=), __consumer_offsets-35 -> ReplicaAssignment(replicas=0, addingReplicas=, removingReplicas=), __consumer_offsets-41 -> ReplicaAssignment(replicas=0, addingReplicas=, removingReplicas=), __consumer_offsets-33 -> ReplicaAssignment(replicas=0, addingReplicas=, removingReplicas=), __consumer_offsets-23 -> ReplicaAssignment(replicas=0, addingReplicas=, removingReplicas=), __consumer_offsets-49 -> ReplicaAssignment(replicas=0, addingReplicas=, removingReplicas=), __consumer_offsets-47 -> ReplicaAssignment(replicas=0, addingReplicas=, removingReplicas=), __consumer_offsets-16 -> ReplicaAssignment(replicas=0, addingReplicas=, removingReplicas=), __consumer_offsets-28 -> ReplicaAssignment(replicas=0, addingReplicas=, removingReplicas=), __consumer_offsets-31 -> ReplicaAssignment(replicas=0, addingReplicas=, removingReplicas=), __consumer_offsets-36 -> ReplicaAssignment(replicas=0, addingReplicas=, removingReplicas=), __consumer_offsets-42 -> ReplicaAssignment(replicas=0, addingReplicas=, removingReplicas=), __consumer_offsets-3 -> ReplicaAssignment(replicas=0, addingReplicas=, removingReplicas=), __consumer_offsets-18 -> ReplicaAssignment(replicas=0, addingReplicas=, removingReplicas=), __consumer_offsets-37 -> ReplicaAssignment(replicas=0, addingReplicas=, removingReplicas=), __consumer_offsets-15 -> ReplicaAssignment(replicas=0, addingReplicas=, removingReplicas=), __consumer_offsets-24 -> ReplicaAssignment(replicas=0, addingReplicas=, removingReplicas=), __consumer_offsets-38 -> ReplicaAssignment(replicas=0, addingReplicas=, removingReplicas=), __consumer_offsets-17 -> ReplicaAssignment(replicas=0, addingReplicas=, removingReplicas=), __consumer_offsets-48 -> ReplicaAssignment(replicas=0, addingReplicas=, removingReplicas=), __consumer_offsets-19 -> ReplicaAssignment(replicas=0, addingReplicas=, removingReplicas=), __consumer_offsets-11 -> ReplicaAssignment(replicas=0, addingReplicas=, removingReplicas=), __consumer_offsets-13 -> ReplicaAssignment(replicas=0, addingReplicas=, removingReplicas=), __consumer_offsets-2 -> ReplicaAssignment(replicas=0, addingReplicas=, removingReplicas=), __consumer_offsets-43 -> ReplicaAssignment(replicas=0, addingReplicas=, removingReplicas=), __consumer_offsets-6 -> ReplicaAssignment(replicas=0, addingReplicas=, removingReplicas=), __consumer_offsets-14 -> ReplicaAssignment(replicas=0, addingReplicas=, removingReplicas=), __consumer_offsets-20 -> ReplicaAssignment(replicas=0, addingReplicas=, removingReplicas=), __consumer_offsets-0 -> ReplicaAssignment(replicas=0, addingReplicas=, removingReplicas=), __consumer_offsets-44 -> ReplicaAssignment(replicas=0, addingReplicas=, removingReplicas=), __consumer_offsets-39 -> ReplicaAssignment(replicas=0, addingReplicas=, removingReplicas=), __consumer_offsets-12 -> ReplicaAssignment(replicas=0, addingReplicas=, removingReplicas=), __consumer_offsets-45 -> ReplicaAssignment(replicas=0, addingReplicas=, removingReplicas=), __consumer_offsets-1 -> ReplicaAssignment(replicas=0, addingReplicas=, removingReplicas=), __consumer_offsets-5 -> ReplicaAssignment(replicas=0, addingReplicas=, removingReplicas=), __consumer_offsets-26 -> ReplicaAssignment(replicas=0, addingReplicas=, removingReplicas=), __consumer_offsets-29 -> ReplicaAssignment(replicas=0, addingReplicas=, removingReplicas=), __consumer_offsets-34 -> ReplicaAssignment(replicas=0, addingReplicas=, removingReplicas=), __consumer_offsets-10 -> ReplicaAssignment(replicas=0, addingReplicas=, removingReplicas=), __consumer_offsets-32 -> ReplicaAssignment(replicas=0, addingReplicas=, removingReplicas=), __consumer_offsets-40 -> ReplicaAssignment(replicas=0, addingReplicas=, removingReplicas=))] (kafka.controller.KafkaController)
[2019-12-25 08:28:37,518] INFO [Controller id=0] New partition creation callback for __consumer_offsets-22,__consumer_offsets-30,__consumer_offsets-8,__consumer_offsets-21,__consumer_offsets-4,__consumer_offsets-27,__consumer_offsets-7,__consumer_offsets-9,__consumer_offsets-46,__consumer_offsets-25,__consumer_offsets-35,__consumer_offsets-41,__consumer_offsets-33,__consumer_offsets-23,__consumer_offsets-49,__consumer_offsets-47,__consumer_offsets-16,__consumer_offsets-28,__consumer_offsets-31,__consumer_offsets-36,__consumer_offsets-42,__consumer_offsets-3,__consumer_offsets-18,__consumer_offsets-37,__consumer_offsets-15,__consumer_offsets-24,__consumer_offsets-38,__consumer_offsets-17,__consumer_offsets-48,__consumer_offsets-19,__consumer_offsets-11,__consumer_offsets-13,__consumer_offsets-2,__consumer_offsets-43,__consumer_offsets-6,__consumer_offsets-14,__consumer_offsets-20,__consumer_offsets-0,__consumer_offsets-44,__consumer_offsets-39,__consumer_offsets-12,__consumer_offsets-45,__consumer_offsets-1,__consumer_offsets-5,__consumer_offsets-26,__consumer_offsets-29,__consumer_offsets-34,__consumer_offsets-10,__consumer_offsets-32,__consumer_offsets-40 (kafka.controller.KafkaController)
[2019-12-25 08:30:44,055] INFO [Controller id=0] Shutting down broker 0 (kafka.controller.KafkaController)
[2019-12-25 08:30:44,056] DEBUG [Controller id=0] All shutting down brokers: 0 (kafka.controller.KafkaController)
[2019-12-25 08:30:44,056] DEBUG [Controller id=0] Live brokers:  (kafka.controller.KafkaController)
[2019-12-25 08:30:44,060] TRACE [Controller id=0] All leaders = __consumer_offsets-49 -> (Leader:0,ISR:0,LeaderEpoch:0,ControllerEpoch:2),__consumer_offsets-38 -> (Leader:0,ISR:0,LeaderEpoch:0,ControllerEpoch:2),__consumer_offsets-16 -> (Leader:0,ISR:0,LeaderEpoch:0,ControllerEpoch:2),__consumer_offsets-27 -> (Leader:0,ISR:0,LeaderEpoch:0,ControllerEpoch:2),__consumer_offsets-8 -> (Leader:0,ISR:0,LeaderEpoch:0,ControllerEpoch:2),__consumer_offsets-19 -> (Leader:0,ISR:0,LeaderEpoch:0,ControllerEpoch:2),__consumer_offsets-13 -> (Leader:0,ISR:0,LeaderEpoch:0,ControllerEpoch:2),__consumer_offsets-2 -> (Leader:0,ISR:0,LeaderEpoch:0,ControllerEpoch:2),__consumer_offsets-46 -> (Leader:0,ISR:0,LeaderEpoch:0,ControllerEpoch:2),__consumer_offsets-35 -> (Leader:0,ISR:0,LeaderEpoch:0,ControllerEpoch:2),__consumer_offsets-24 -> (Leader:0,ISR:0,LeaderEpoch:0,ControllerEpoch:2),__consumer_offsets-5 -> (Leader:0,ISR:0,LeaderEpoch:0,ControllerEpoch:2),__consumer_offsets-43 -> (Leader:0,ISR:0,LeaderEpoch:0,ControllerEpoch:2),__consumer_offsets-32 -> (Leader:0,ISR:0,LeaderEpoch:0,ControllerEpoch:2),__consumer_offsets-21 -> (Leader:0,ISR:0,LeaderEpoch:0,ControllerEpoch:2),My-Test-Topic-0 -> (Leader:0,ISR:0,LeaderEpoch:0,ControllerEpoch:2),__consumer_offsets-10 -> (Leader:0,ISR:0,LeaderEpoch:0,ControllerEpoch:2),__consumer_offsets-37 -> (Leader:0,ISR:0,LeaderEpoch:0,ControllerEpoch:2),__consumer_offsets-48 -> (Leader:0,ISR:0,LeaderEpoch:0,ControllerEpoch:2),__consumer_offsets-40 -> (Leader:0,ISR:0,LeaderEpoch:0,ControllerEpoch:2),__consumer_offsets-18 -> (Leader:0,ISR:0,LeaderEpoch:0,ControllerEpoch:2),__consumer_offsets-29 -> (Leader:0,ISR:0,LeaderEpoch:0,ControllerEpoch:2),__consumer_offsets-7 -> (Leader:0,ISR:0,LeaderEpoch:0,ControllerEpoch:2),__consumer_offsets-23 -> (Leader:0,ISR:0,LeaderEpoch:0,ControllerEpoch:2),__consumer_offsets-45 -> (Leader:0,ISR:0,LeaderEpoch:0,ControllerEpoch:2),__consumer_offsets-34 -> (Leader:0,ISR:0,LeaderEpoch:0,ControllerEpoch:2),__consumer_offsets-26 -> (Leader:0,ISR:0,LeaderEpoch:0,ControllerEpoch:2),__consumer_offsets-4 -> (Leader:0,ISR:0,LeaderEpoch:0,ControllerEpoch:2),__consumer_offsets-15 -> (Leader:0,ISR:0,LeaderEpoch:0,ControllerEpoch:2),__consumer_offsets-42 -> (Leader:0,ISR:0,LeaderEpoch:0,ControllerEpoch:2),__consumer_offsets-31 -> (Leader:0,ISR:0,LeaderEpoch:0,ControllerEpoch:2),__consumer_offsets-9 -> (Leader:0,ISR:0,LeaderEpoch:0,ControllerEpoch:2),__consumer_offsets-20 -> (Leader:0,ISR:0,LeaderEpoch:0,ControllerEpoch:2),My-Test-Topic1-0 -> (Leader:0,ISR:0,LeaderEpoch:0,ControllerEpoch:2),__consumer_offsets-12 -> (Leader:0,ISR:0,LeaderEpoch:0,ControllerEpoch:2),__consumer_offsets-1 -> (Leader:0,ISR:0,LeaderEpoch:0,ControllerEpoch:2),__consumer_offsets-28 -> (Leader:0,ISR:0,LeaderEpoch:0,ControllerEpoch:2),__consumer_offsets-17 -> (Leader:0,ISR:0,LeaderEpoch:0,ControllerEpoch:2),__consumer_offsets-6 -> (Leader:0,ISR:0,LeaderEpoch:0,ControllerEpoch:2),__consumer_offsets-39 -> (Leader:0,ISR:0,LeaderEpoch:0,ControllerEpoch:2),__consumer_offsets-44 -> (Leader:0,ISR:0,LeaderEpoch:0,ControllerEpoch:2),__consumer_offsets-36 -> (Leader:0,ISR:0,LeaderEpoch:0,ControllerEpoch:2),__consumer_offsets-47 -> (Leader:0,ISR:0,LeaderEpoch:0,ControllerEpoch:2),__consumer_offsets-3 -> (Leader:0,ISR:0,LeaderEpoch:0,ControllerEpoch:2),__consumer_offsets-25 -> (Leader:0,ISR:0,LeaderEpoch:0,ControllerEpoch:2),__consumer_offsets-14 -> (Leader:0,ISR:0,LeaderEpoch:0,ControllerEpoch:2),__consumer_offsets-41 -> (Leader:0,ISR:0,LeaderEpoch:0,ControllerEpoch:2),__consumer_offsets-30 -> (Leader:0,ISR:0,LeaderEpoch:0,ControllerEpoch:2),__consumer_offsets-33 -> (Leader:0,ISR:0,LeaderEpoch:0,ControllerEpoch:2),__consumer_offsets-22 -> (Leader:0,ISR:0,LeaderEpoch:0,ControllerEpoch:2),__consumer_offsets-11 -> (Leader:0,ISR:0,LeaderEpoch:0,ControllerEpoch:2),__consumer_offsets-0 -> (Leader:0,ISR:0,LeaderEpoch:0,ControllerEpoch:2) (kafka.controller.KafkaController)
[2019-12-25 08:30:45,450] INFO [ControllerEventThread controllerId=0] Shutting down (kafka.controller.ControllerEventManager$ControllerEventThread)
[2019-12-25 08:30:45,450] INFO [ControllerEventThread controllerId=0] Shutdown completed (kafka.controller.ControllerEventManager$ControllerEventThread)
[2019-12-25 08:30:45,450] INFO [ControllerEventThread controllerId=0] Stopped (kafka.controller.ControllerEventManager$ControllerEventThread)
[2019-12-25 08:30:45,451] DEBUG [Controller id=0] Resigning (kafka.controller.KafkaController)
[2019-12-25 08:30:45,451] DEBUG [Controller id=0] Unregister BrokerModifications handler for Set(0) (kafka.controller.KafkaController)
[2019-12-25 08:30:45,453] INFO [PartitionStateMachine controllerId=0] Stopped partition state machine (kafka.controller.ZkPartitionStateMachine)
[2019-12-25 08:30:45,454] INFO [ReplicaStateMachine controllerId=0] Stopped replica state machine (kafka.controller.ZkReplicaStateMachine)
[2019-12-25 08:30:45,454] INFO [RequestSendThread controllerId=0] Shutting down (kafka.controller.RequestSendThread)
[2019-12-25 08:30:45,454] INFO [RequestSendThread controllerId=0] Shutdown completed (kafka.controller.RequestSendThread)
[2019-12-25 08:30:45,454] INFO [RequestSendThread controllerId=0] Stopped (kafka.controller.RequestSendThread)
[2019-12-25 08:30:45,457] INFO [Controller id=0] Resigned (kafka.controller.KafkaController)
